<?xml version="1.0" encoding="UTF-8"?>
<!-- Generated by org.testng.reporters.JUnitXMLReporter -->
<testsuite ignored="0" hostname="Balajimahi" failures="0" tests="3" name="Default test" time="19.406" errors="0" timestamp="2025-08-24T22:29:17 IST">
  <testcase classname="Test.Code_TDD_RW" name="testDataProcessing" time="0.316"/>
  <testcase classname="Test.Code_TDD_RW" name="Wdtable" time="1.219"/>
  <testcase classname="Test.Code_TDD_RW" name="Wdtable" time="1.005"/>
</testsuite> <!-- Default test -->
