<?xml version="1.0" encoding="UTF-8"?>
<testng-results ignored="0" total="3" passed="3" failed="0" skipped="0">
  <reporter-output>
  </reporter-output>
  <suite started-at="2025-08-24T22:28:58 IST" name="Default suite" finished-at="2025-08-24T22:29:17 IST" duration-ms="19406">
    <groups>
    </groups>
    <test started-at="2025-08-24T22:28:58 IST" name="Default test" finished-at="2025-08-24T22:29:17 IST" duration-ms="19406">
      <class name="Test.Code_TDD_RW">
        <test-method is-config="true" signature="setUpBeforeClass()[pri:0, instance:Test.Code_TDD_RW@5ffead27]" started-at="2025-08-24T22:28:58 IST" name="setUpBeforeClass" finished-at="2025-08-24T22:29:15 IST" duration-ms="16818" status="PASS">
          <reporter-output>
          </reporter-output>
        </test-method> <!-- setUpBeforeClass -->
        <test-method signature="testDataProcessing()[pri:1, instance:Test.Code_TDD_RW@5ffead27]" started-at="2025-08-24T22:29:15 IST" name="testDataProcessing" finished-at="2025-08-24T22:29:15 IST" duration-ms="316" status="PASS">
          <reporter-output>
          </reporter-output>
        </test-method> <!-- testDataProcessing -->
        <test-method signature="Wdtable(java.lang.String,java.lang.String,java.lang.String,java.lang.String,java.lang.String,java.lang.String)[pri:2, instance:Test.Code_TDD_RW@5ffead27]" started-at="2025-08-24T22:29:15 IST" name="Wdtable" data-provider="check" finished-at="2025-08-24T22:29:16 IST" duration-ms="1219" status="PASS">
          <params>
            <param index="0">
              <value>
                <![CDATA[Sidth]]>
              </value>
            </param>
            <param index="1">
              <value>
                <![CDATA[vick]]>
              </value>
            </param>
            <param index="2">
              <value>
                <![CDATA[36]]>
              </value>
            </param>
            <param index="3">
              <value>
                <![CDATA[sidth@ggmil.com]]>
              </value>
            </param>
            <param index="4">
              <value>
                <![CDATA[234567]]>
              </value>
            </param>
            <param index="5">
              <value>
                <![CDATA[Mech]]>
              </value>
            </param>
          </params>
          <reporter-output>
          </reporter-output>
        </test-method> <!-- Wdtable -->
        <test-method signature="Wdtable(java.lang.String,java.lang.String,java.lang.String,java.lang.String,java.lang.String,java.lang.String)[pri:2, instance:Test.Code_TDD_RW@5ffead27]" started-at="2025-08-24T22:29:16 IST" name="Wdtable" data-provider="check" finished-at="2025-08-24T22:29:17 IST" duration-ms="1005" status="PASS">
          <params>
            <param index="0">
              <value>
                <![CDATA[keerthi]]>
              </value>
            </param>
            <param index="1">
              <value>
                <![CDATA[daugth]]>
              </value>
            </param>
            <param index="2">
              <value>
                <![CDATA[56]]>
              </value>
            </param>
            <param index="3">
              <value>
                <![CDATA[keerti@ggmil.com]]>
              </value>
            </param>
            <param index="4">
              <value>
                <![CDATA[56874]]>
              </value>
            </param>
            <param index="5">
              <value>
                <![CDATA[ECE]]>
              </value>
            </param>
          </params>
          <reporter-output>
          </reporter-output>
        </test-method> <!-- Wdtable -->
      </class> <!-- Test.Code_TDD_RW -->
    </test> <!-- Default test -->
  </suite> <!-- Default suite -->
</testng-results>
