<?xml version="1.0" encoding="UTF-8"?>
<testng-results ignored="0" total="1" passed="1" failed="0" skipped="0">
  <reporter-output>
  </reporter-output>
  <suite started-at="2025-08-23T21:20:24 IST" name="Default suite" finished-at="2025-08-23T21:24:53 IST" duration-ms="269137">
    <groups>
    </groups>
    <test started-at="2025-08-23T21:20:24 IST" name="Default test" finished-at="2025-08-23T21:24:53 IST" duration-ms="269137">
      <class name="Test.Code_TDD_RW">
        <test-method is-config="true" signature="setUpBeforeClass()[pri:0, instance:Test.Code_TDD_RW@14dd9eb7]" started-at="2025-08-23T21:20:24 IST" name="setUpBeforeClass" finished-at="2025-08-23T21:24:53 IST" duration-ms="268569" status="PASS">
          <reporter-output>
          </reporter-output>
        </test-method> <!-- setUpBeforeClass -->
        <test-method signature="testDataProcessing()[pri:0, instance:Test.Code_TDD_RW@14dd9eb7]" started-at="2025-08-23T21:24:53 IST" name="testDataProcessing" finished-at="2025-08-23T21:24:53 IST" duration-ms="274" status="PASS">
          <reporter-output>
          </reporter-output>
        </test-method> <!-- testDataProcessing -->
        <test-method is-config="true" signature="tearDownAfterClass()[pri:0, instance:Test.Code_TDD_RW@14dd9eb7]" started-at="2025-08-23T21:24:53 IST" name="tearDownAfterClass" finished-at="2025-08-23T21:24:53 IST" duration-ms="256" status="PASS">
          <reporter-output>
          </reporter-output>
        </test-method> <!-- tearDownAfterClass -->
      </class> <!-- Test.Code_TDD_RW -->
    </test> <!-- Default test -->
  </suite> <!-- Default suite -->
</testng-results>
